<?xml version="1.0" encoding="UTF-8"?>
<!-- Generated by org.testng.reporters.JUnitXMLReporter -->
<testsuite ignored="0" hostname="Gilberts-MacBook-Pro.local" failures="1" tests="1" name="Ebay Test" time="8.758" errors="0" timestamp="2022-08-28T06:39:13 PDT">
  <testcase classname="com.company.qa.testpages.EbayTest" name="ebayTitleTest" time="0.041">
    <failure type="java.lang.AssertionError" message="expected [Amazon.com. Spend less. Smile more.] but found [Electronics, Cars, Fashion, Collectibles &amp;amp; More | eBay]">
      <![CDATA[java.lang.AssertionError: expected [Amazon.com. Spend less. Smile more.] but found [Electronics, Cars, Fashion, Collectibles & More | eBay]
at com.company.qa.testpages.EbayTest.ebayTitleTest(EbayTest.java:19)
at java.base/java.util.ArrayList.forEach(ArrayList.java:1541)
... Removed 33 stack frames]]>
    </failure>
  </testcase> <!-- ebayTitleTest -->
</testsuite> <!-- Ebay Test -->
