<?xml version="1.0" encoding="UTF-8"?>
<!-- Generated by org.testng.reporters.JUnitXMLReporter -->
<testsuite ignored="0" hostname="Gilberts-MacBook-Pro.local" failures="1" tests="1" name="Amazon Test" time="8.815" errors="0" timestamp="2022-08-28T08:13:01 PDT">
  <testcase classname="com.company.qa.testpages.AmazonTest" name="amazonTitleTest" time="0.222">
    <failure type="java.lang.AssertionError" message="expected [Amazon.com. Spend less. Smile more.] but found [Amazon.com: Online Shopping for Electronics, Apparel, Computers, Books, DVDs &amp;amp; more]">
      <![CDATA[java.lang.AssertionError: expected [Amazon.com. Spend less. Smile more.] but found [Amazon.com: Online Shopping for Electronics, Apparel, Computers, Books, DVDs & more]
at com.company.qa.testpages.AmazonTest.amazonTitleTest(AmazonTest.java:21)
at java.base/java.util.ArrayList.forEach(ArrayList.java:1511)
... Removed 36 stack frames]]>
    </failure>
  </testcase> <!-- amazonTitleTest -->
</testsuite> <!-- Amazon Test -->
