<?xml version="1.0" encoding="UTF-8"?>
<!-- Generated by org.testng.reporters.JUnitXMLReporter -->
<testsuite ignored="0" hostname="Gilberts-MacBook-Pro.local" failures="1" tests="1" name="Ebay Test" time="9.098" errors="0" timestamp="2022-08-28T08:13:11 PDT">
  <testcase classname="com.company.qa.testpages.EbayTest" name="ebayTitleTest" time="0.102">
    <failure type="java.lang.AssertionError" message="expected [Amazon.com. Spend less. Smile more.] but found [Electronics, Cars, Fashion, Collectibles &amp;amp; More | eBay]">
      <![CDATA[java.lang.AssertionError: expected [Amazon.com. Spend less. Smile more.] but found [Electronics, Cars, Fashion, Collectibles & More | eBay]
at com.company.qa.testpages.EbayTest.ebayTitleTest(EbayTest.java:19)
at java.base/java.util.ArrayList.forEach(ArrayList.java:1511)
... Removed 36 stack frames]]>
    </failure>
  </testcase> <!-- ebayTitleTest -->
</testsuite> <!-- Ebay Test -->
