<?xml version="1.0" encoding="UTF-8"?>
<testsuite xmlns:xsi="http://www.w3.org/2001/XMLSchema-instance" xsi:noNamespaceSchemaLocation="https://maven.apache.org/surefire/maven-surefire-plugin/xsd/surefire-test-report.xsd" name="TestSuite" time="20.017" tests="2" errors="0" skipped="0" failures="2">
  <properties>
[...]
</properties>
  <testcase name="amazonTitleTest" classname="com.company.qa.testpages.AmazonTest" time="1.917">
    <failure message="expected [Amazon.com. Spend less. Smile more.] but found [Amazon.com: Online Shopping for Electronics, Apparel, Computers, Books, DVDs &amp; more]" type="java.lang.AssertionError"><![CDATA[java.lang.AssertionError: expected [Amazon.com. Spend less. Smile more.] but found [Amazon.com: Online Shopping for Electronics, Apparel, Computers, Books, DVDs & more]
	at com.company.qa.testpages.AmazonTest.amazonTitleTest(AmazonTest.java:21)
]]></failure>
    <system-out><![CDATA[I am in onStart method Amazon Test
Test Suite started!
Browser name is : chrome
I am in onTestStart method amazonTitleTest start
amazonTitleTest started!
Page title is Amazon.com: Online Shopping for Electronics, Apparel, Computers, Books, DVDs & more
Page Title is Amazon.com: Online Shopping for Electronics, Apparel, Computers, Books, DVDs & more
I am in onTestFailure method amazonTitleTest failed
Screenshot captured for test case:amazonTitleTest
]]></system-out>
    <system-err><![CDATA[SLF4J: Failed to load class "org.slf4j.impl.StaticLoggerBinder".
SLF4J: Defaulting to no-operation (NOP) logger implementation
SLF4J: See http://www.slf4j.org/codes.html#StaticLoggerBinder for further details.
Starting ChromeDriver 104.0.5112.79 (3cf3e8c8a07d104b9e1260c910efb8f383285dc5-refs/branch-heads/5112@{#1307}) on port 20891
Only local connections are allowed.
Please see https://chromedriver.chromium.org/security-considerations for suggestions on keeping ChromeDriver safe.
ChromeDriver was started successfully.
Aug 28, 2022 8:12:56 AM org.openqa.selenium.remote.ProtocolHandshake createSession
INFO: Detected dialect: W3C
]]></system-err>
  </testcase>
  <testcase name="ebayTitleTest" classname="com.company.qa.testpages.EbayTest" time="1.199">
    <failure message="expected [Amazon.com. Spend less. Smile more.] but found [Electronics, Cars, Fashion, Collectibles &amp; More | eBay]" type="java.lang.AssertionError"><![CDATA[java.lang.AssertionError: expected [Amazon.com. Spend less. Smile more.] but found [Electronics, Cars, Fashion, Collectibles & More | eBay]
	at com.company.qa.testpages.EbayTest.ebayTitleTest(EbayTest.java:19)
]]></failure>
    <system-out><![CDATA[amazonTitleTest failed!
I am in onFinish method Amazon Test
Test Suite is ending!
I am in onStart method Ebay Test
Test Suite started!
Browser name is : firefox
I am in onTestStart method ebayTitleTest start
ebayTitleTest started!
Page Title is Electronics, Cars, Fashion, Collectibles & More | eBay
I am in onTestFailure method ebayTitleTest failed
Screenshot captured for test case:ebayTitleTest
]]></system-out>
    <system-err><![CDATA[log4j:WARN No appenders could be found for logger (freemarker.cache).
log4j:WARN Please initialize the log4j system properly.
1661699582382	geckodriver	INFO	Listening on 127.0.0.1:13679
1661699582408	mozrunner::runner	INFO	Running command: "/Applications/Firefox.app/Contents/MacOS/firefox-bin" "--marionette" "-foreground" "-no-remote" "-profile" "/var/folders/gt/8tjw9sj151qcwjz557d8y3s40000gn/T/rust_mozprofileWrTcy5"
2022-08-28 08:13:03.132 plugin-container[3830:92978] nil host used in call to allowsSpecificHTTPSCertificateForHost
2022-08-28 08:13:03.132 plugin-container[3830:92978] nil host used in call to allowsAnyHTTPSCertificateForHost:
2022-08-28 08:13:03.141 plugin-container[3830:92978] nil host used in call to allowsSpecificHTTPSCertificateForHost
2022-08-28 08:13:03.141 plugin-container[3830:92978] nil host used in call to allowsAnyHTTPSCertificateForHost:
2022-08-28 08:13:03.141 plugin-container[3830:92985] nil host used in call to allowsSpecificHTTPSCertificateForHost
2022-08-28 08:13:03.141 plugin-container[3830:92985] nil host used in call to allowsAnyHTTPSCertificateForHost:
1661699583268	Marionette	INFO	Marionette enabled
1661699583521	Marionette	INFO	Listening on port 49528
Read port: 49528
1661699583744	RemoteAgent	WARN	TLS certificate errors will be ignored for this session
console.warn: SearchSettings: "get: No settings file exists, new profile?" (new NotFoundError("Could not open the file at /var/folders/gt/8tjw9sj151qcwjz557d8y3s40000gn/T/rust_mozprofileWrTcy5/search.json.mozlz4", (void 0)))
Aug 28, 2022 8:13:06 AM org.openqa.selenium.remote.ProtocolHandshake createSession
INFO: Detected dialect: W3C
2022-08-28 15:13:09.757 plugin-container[3840:93334] nil host used in call to allowsSpecificHTTPSCertificateForHost
2022-08-28 15:13:09.757 plugin-container[3840:93334] nil host used in call to allowsAnyHTTPSCertificateForHost:
2022-08-28 15:13:09.763 plugin-container[3840:93334] nil host used in call to allowsSpecificHTTPSCertificateForHost
2022-08-28 15:13:09.763 plugin-container[3840:93334] nil host used in call to allowsAnyHTTPSCertificateForHost:
2022-08-28 15:13:09.763 plugin-container[3840:93351] nil host used in call to allowsSpecificHTTPSCertificateForHost
2022-08-28 15:13:09.763 plugin-container[3840:93351] nil host used in call to allowsAnyHTTPSCertificateForHost:
]]></system-err>
  </testcase>
</testsuite>